<?xml version="1.0" encoding="UTF-8"?>
<testng-results skipped="0" failed="0" total="1" passed="1">
  <reporter-output>
  </reporter-output>
  <suite name="Example.NewTest" duration-ms="5549" started-at="2016-10-07T07:12:52Z" finished-at="2016-10-07T07:12:57Z">
    <groups>
    </groups>
    <test name="Command line test" duration-ms="5549" started-at="2016-10-07T07:12:52Z" finished-at="2016-10-07T07:12:57Z">
      <class name="Example.NewTest">
        <test-method status="PASS" signature="beforeTest()[pri:0, instance:null(Example.NewTest)]" name="beforeTest" is-config="true" duration-ms="3569" started-at="2016-10-07T07:12:52Z" finished-at="2016-10-07T07:12:55Z">
          <reporter-output>
          </reporter-output>
        </test-method> <!-- beforeTest -->
        <test-method status="PASS" signature="TestGoogleOpen()[pri:0, instance:null(Example.NewTest)]" name="TestGoogleOpen" duration-ms="933" started-at="2016-10-07T07:12:55Z" finished-at="2016-10-07T07:12:56Z">
          <reporter-output>
          </reporter-output>
        </test-method> <!-- TestGoogleOpen -->
        <test-method status="PASS" signature="aftreTest()[pri:0, instance:null(Example.NewTest)]" name="aftreTest" is-config="true" duration-ms="1031" started-at="2016-10-07T07:12:56Z" finished-at="2016-10-07T07:12:57Z">
          <reporter-output>
          </reporter-output>
        </test-method> <!-- aftreTest -->
      </class> <!-- Example.NewTest -->
    </test> <!-- Command line test -->
  </suite> <!-- Example.NewTest -->
</testng-results>
